[debug] [2025-03-09T00:49:16.576Z] ----------------------------------------------------------------------
[debug] [2025-03-09T00:49:16.577Z] Command:       /Users/janpickron/.nvm/versions/node/v18.16.1/bin/node /Users/janpickron/.nvm/versions/node/v18.16.1/bin/firebase deploy
[debug] [2025-03-09T00:49:16.577Z] CLI Version:   13.0.2
[debug] [2025-03-09T00:49:16.577Z] Platform:      darwin
[debug] [2025-03-09T00:49:16.577Z] Node Version:  v18.16.1
[debug] [2025-03-09T00:49:16.580Z] Time:          Sat Mar 08 2025 19:49:16 GMT-0500 (Eastern Standard Time)
[debug] [2025-03-09T00:49:16.581Z] ----------------------------------------------------------------------
[debug] 
[debug] [2025-03-09T00:49:16.582Z] >>> [apiv2][query] GET https://firebase-public.firebaseio.com/cli.json [none]
[debug] [2025-03-09T00:49:16.636Z] > command requires scopes: ["email","openid","https://www.googleapis.com/auth/cloudplatformprojects.readonly","https://www.googleapis.com/auth/firebase","https://www.googleapis.com/auth/cloud-platform"]
[debug] [2025-03-09T00:49:16.636Z] > authorizing via signed-in user (janpickron@gmail.com)
[debug] [2025-03-09T00:49:16.636Z] [iam] checking project jan-portfolio for permissions ["firebase.projects.get","firebasehosting.sites.update"]
[debug] [2025-03-09T00:49:16.637Z] > refreshing access token with scopes: []
[debug] [2025-03-09T00:49:16.637Z] >>> [apiv2][query] POST https://www.googleapis.com/oauth2/v3/token [none]
[debug] [2025-03-09T00:49:16.637Z] >>> [apiv2][body] POST https://www.googleapis.com/oauth2/v3/token [omitted]
[debug] [2025-03-09T00:49:16.927Z] <<< [apiv2][status] POST https://www.googleapis.com/oauth2/v3/token 400
[debug] [2025-03-09T00:49:16.928Z] <<< [apiv2][body] POST https://www.googleapis.com/oauth2/v3/token [omitted]
[debug] [2025-03-09T00:49:16.928Z] >>> [apiv2][query] POST https://cloudresourcemanager.googleapis.com/v1/projects/jan-portfolio:testIamPermissions [none]
[debug] [2025-03-09T00:49:16.928Z] >>> [apiv2][(partial)header] POST https://cloudresourcemanager.googleapis.com/v1/projects/jan-portfolio:testIamPermissions x-goog-quota-user=projects/jan-portfolio
[debug] [2025-03-09T00:49:16.929Z] >>> [apiv2][body] POST https://cloudresourcemanager.googleapis.com/v1/projects/jan-portfolio:testIamPermissions {"permissions":["firebase.projects.get","firebasehosting.sites.update"]}
[debug] [2025-03-09T00:49:16.987Z] <<< [apiv2][status] GET https://firebase-public.firebaseio.com/cli.json 200
[debug] [2025-03-09T00:49:16.987Z] <<< [apiv2][body] GET https://firebase-public.firebaseio.com/cli.json {"cloudBuildErrorAfter":1594252800000,"cloudBuildWarnAfter":1590019200000,"defaultNode10After":1594252800000,"minVersion":"3.0.5","node8DeploysDisabledAfter":1613390400000,"node8RuntimeDisabledAfter":1615809600000,"node8WarnAfter":1600128000000}
[debug] [2025-03-09T00:49:17.164Z] <<< [apiv2][status] POST https://cloudresourcemanager.googleapis.com/v1/projects/jan-portfolio:testIamPermissions 401
[debug] [2025-03-09T00:49:17.164Z] <<< [apiv2][body] POST https://cloudresourcemanager.googleapis.com/v1/projects/jan-portfolio:testIamPermissions {"error":{"code":401,"message":"Request had invalid authentication credentials. Expected OAuth 2 access token, login cookie or other valid authentication credential. See https://developers.google.com/identity/sign-in/web/devconsole-project.","status":"UNAUTHENTICATED","details":[{"@type":"type.googleapis.com/google.rpc.ErrorInfo","reason":"ACCESS_TOKEN_TYPE_UNSUPPORTED","metadata":{"method":"google.cloudresourcemanager.v1.Projects.TestIamPermissions","service":"cloudresourcemanager.googleapis.com"}}]}}
[debug] [2025-03-09T00:49:17.166Z] [iam] error while checking permissions, command may fail: FirebaseError: HTTP Error: 401, Request had invalid authentication credentials. Expected OAuth 2 access token, login cookie or other valid authentication credential. See https://developers.google.com/identity/sign-in/web/devconsole-project.
[debug] [2025-03-09T00:49:17.166Z] > refreshing access token with scopes: []
[debug] [2025-03-09T00:49:17.167Z] >>> [apiv2][query] POST https://www.googleapis.com/oauth2/v3/token [none]
[debug] [2025-03-09T00:49:17.167Z] >>> [apiv2][body] POST https://www.googleapis.com/oauth2/v3/token [omitted]
[debug] [2025-03-09T00:49:17.354Z] <<< [apiv2][status] POST https://www.googleapis.com/oauth2/v3/token 400
[debug] [2025-03-09T00:49:17.354Z] <<< [apiv2][body] POST https://www.googleapis.com/oauth2/v3/token [omitted]
[debug] [2025-03-09T00:49:17.355Z] >>> [apiv2][query] GET https://firebase.googleapis.com/v1beta1/projects/jan-portfolio [none]
[debug] [2025-03-09T00:49:17.481Z] <<< [apiv2][status] GET https://firebase.googleapis.com/v1beta1/projects/jan-portfolio 401
[debug] [2025-03-09T00:49:17.481Z] <<< [apiv2][body] GET https://firebase.googleapis.com/v1beta1/projects/jan-portfolio {"error":{"code":401,"message":"Request had invalid authentication credentials. Expected OAuth 2 access token, login cookie or other valid authentication credential. See https://developers.google.com/identity/sign-in/web/devconsole-project.","status":"UNAUTHENTICATED"}}
[debug] [2025-03-09T00:49:17.481Z] HTTP Error: 401, Request had invalid authentication credentials. Expected OAuth 2 access token, login cookie or other valid authentication credential. See https://developers.google.com/identity/sign-in/web/devconsole-project.
[error] 
[error] Error: Assertion failed: resolving hosting target of a site with no site name or target name. This should have caused an error earlier
